<?xml version="1.0" encoding="UTF-8"?>
<!-- Generated by org.testng.reporters.JUnitReportReporter -->
<testsuite hostname="FVFHXLHQQ6LR" failures="0" tests="1" name="CollectionOfRequest.DELETE" time="2.893" errors="0" timestamp="2023-05-16T14:54:50 IST" skipped="0">
  <testcase classname="CollectionOfRequest.DELETE" name="TC1" time="2.893"/>
  <system-out/>
</testsuite> <!-- CollectionOfRequest.DELETE -->
