<?xml version="1.0" encoding="UTF-8"?>
<!-- Generated by org.testng.reporters.JUnitReportReporter -->
<testsuite hostname="FVFHXLHQQ6LR" failures="0" tests="1" name="CollectionOfRequest.pbl" time="2.962" errors="0" timestamp="2023-05-16T14:20:53 IST" skipped="0">
  <testcase classname="CollectionOfRequest.pbl" name="test_ListUsers" time="2.962"/>
  <system-out/>
</testsuite> <!-- CollectionOfRequest.pbl -->
