<?xml version="1.0" encoding="UTF-8"?>
<!-- Generated by org.testng.reporters.JUnitReportReporter -->
<testsuite hostname="FVFHXLHQQ6LR" failures="0" tests="1" name="CollectionOfRequest.JenkinsTestPom" time="0.007" errors="0" timestamp="2023-05-18T09:41:31 IST" skipped="0">
  <testcase classname="CollectionOfRequest.JenkinsTestPom" name="tc1" time="0.007"/>
  <system-out/>
</testsuite> <!-- CollectionOfRequest.JenkinsTestPom -->
