<?xml version="1.0" encoding="UTF-8"?>
<!-- Generated by org.testng.reporters.JUnitReportReporter -->
<testsuite hostname="FVFHXLHQQ6LR" failures="0" tests="1" name="CollectionOfRequest.POST" time="2.784" errors="0" timestamp="2023-05-16T12:41:08 IST" skipped="0">
  <testcase classname="CollectionOfRequest.POST" name="TC1" time="2.784"/>
  <system-out/>
</testsuite> <!-- CollectionOfRequest.POST -->
